/*C25*/SET SCHEMA PUBLIC
DELETE FROM PRODUCTS WHERE ID=2
INSERT INTO PRODUCTS VALUES(2,'Tomato',1,10.00,'1','2025-06-03')
COMMIT
DELETE FROM PRODUCTS WHERE ID=2
COMMIT
/*C37*/SET SCHEMA PUBLIC
SET SCHEMA PUBLIC
SET SCHEMA PUBLIC
/*C35*/SET SCHEMA PUBLIC
DELETE FROM PRODUCTS WHERE ID=1
COMMIT
/*C37*/INSERT INTO PRODUCTS VALUES(3,'Milk',333,1.72,'1','2023-01-01')
COMMIT
INSERT INTO PRODUCTS VALUES(4,'Norwegian salmon',45,10.89,'1','2023-01-01')
COMMIT
INSERT INTO PRODUCTS VALUES(5,'Pork ribs',70,5.75,'1','2023-02-01')
COMMIT
INSERT INTO PRODUCTS VALUES(6,'Gazpacho',0,1.77,'0','2023-01-01')
COMMIT
INSERT INTO PRODUCTS VALUES(7,'Cured cheese',15,5.45,'1','2023-02-01')
COMMIT
INSERT INTO PRODUCTS VALUES(8,'Oranges',425,1.89,'1','2023-01-01')
COMMIT
/*C35*/DELETE FROM PRODUCTS WHERE ID=3
INSERT INTO PRODUCTS VALUES(1,'Milk',333,1.72,'1','2023-01-01')
COMMIT
DELETE FROM PRODUCTS WHERE ID=4
INSERT INTO PRODUCTS VALUES(2,'Norwegian salmon',45,10.89,'1','2023-01-01')
COMMIT
DELETE FROM PRODUCTS WHERE ID=5
INSERT INTO PRODUCTS VALUES(3,'Pork ribs',70,5.75,'1','2023-02-01')
COMMIT
DELETE FROM PRODUCTS WHERE ID=6
INSERT INTO PRODUCTS VALUES(4,'Gazpacho',0,1.77,'0','2023-01-01')
COMMIT
DELETE FROM PRODUCTS WHERE ID=7
INSERT INTO PRODUCTS VALUES(5,'Cured cheese',15,5.45,'1','2023-02-01')
COMMIT
DELETE FROM PRODUCTS WHERE ID=8
INSERT INTO PRODUCTS VALUES(6,'Oranges',425,1.89,'1','2023-01-01')
COMMIT
/*C37*/DISCONNECT
/*C35*/DISCONNECT
/*C36*/SET SCHEMA PUBLIC
DISCONNECT
/*C25*/DISCONNECT
/*C26*/SET SCHEMA PUBLIC
DISCONNECT
/*C27*/SET SCHEMA PUBLIC
DISCONNECT
/*C28*/SET SCHEMA PUBLIC
DISCONNECT
/*C29*/SET SCHEMA PUBLIC
DISCONNECT
/*C30*/SET SCHEMA PUBLIC
DISCONNECT
/*C31*/SET SCHEMA PUBLIC
DISCONNECT
/*C32*/SET SCHEMA PUBLIC
DISCONNECT
/*C33*/SET SCHEMA PUBLIC
DISCONNECT
/*C34*/SET SCHEMA PUBLIC
DISCONNECT
/*C38*/SET SCHEMA PUBLIC
DISCONNECT
/*C39*/SET SCHEMA PUBLIC
DISCONNECT
/*C40*/SET SCHEMA PUBLIC
DISCONNECT
/*C41*/SET SCHEMA PUBLIC
DISCONNECT
/*C42*/SET SCHEMA PUBLIC
DISCONNECT
/*C43*/SET SCHEMA PUBLIC
DISCONNECT
/*C44*/SET SCHEMA PUBLIC
DISCONNECT
/*C45*/SET SCHEMA PUBLIC
DISCONNECT
/*C46*/SET SCHEMA PUBLIC
DISCONNECT
